<?xml version="1.0" encoding="UTF-8"?>
<!-- Generated by org.testng.reporters.JUnitReportReporter -->
<testsuite hostname="LAPTOP-MCE9IVK4" failures="0" tests="3" name="com.unionmutualproject.Dashboard" time="26.708" errors="1" timestamp="2025-01-17T16:42:01 IST" skipped="0">
  <testcase classname="com.unionmutualproject.Dashboard" name="DashboardPage" time="4.415">
    <error message="An element could not be located on the page using the given search parameters.
For documentation on this error, please visit: https://www.selenium.dev/documentation/webdriver/troubleshooting/errors#no-such-element-exception
Build info: version: &#039;4.13.0&#039;, revision: &#039;ba948ece5b*&#039;
System info: os.name: &#039;Windows 11&#039;, os.arch: &#039;amd64&#039;, os.version: &#039;10.0&#039;, java.version: &#039;22.0.1&#039;
Driver info: io.appium.java_client.AppiumDriver
Command: [3bc388bf-5110-4ff0-91f7-e1dde2db606c, findElement {using=xpath, value=//android.view.View[@content-desc=&quot;Agent&quot;]}]
Capabilities {appium:appActivity: com.odysseynext.unionmutual..., appium:appPackage: com.odysseynext.unionmutual, appium:automationName: uiAutomator2, appium:databaseEnabled: false, appium:desired: {appActivity: com.odysseynext.unionmutual..., appPackage: com.odysseynext.unionmutual, automationName: uiAutomator2, deviceName: Nothing phone(1), platformName: ANDROID, platformversion: 14, uuid: 192.168.0.108:5555}, appium:deviceApiLevel: 34, appium:deviceManufacturer: Nothing, appium:deviceModel: A063, appium:deviceName: P12278000659, appium:deviceScreenDensity: 420, appium:deviceScreenSize: 1080x2400, appium:deviceUDID: P12278000659, appium:javascriptEnabled: true, appium:locationContextEnabled: false, appium:networkConnectionEnabled: true, appium:pixelRatio: 2.625, appium:platformVersion: 14, appium:platformversion: 14, appium:statBarHeight: 136, appium:takesScreenshot: true, appium:uuid: 192.168.0.108:5555, appium:viewportRect: {height: 2264, left: 0, top: 136, width: 1080}, appium:warnings: {}, appium:webStorageEnabled: false, platformName: ANDROID}
Session ID: 3bc388bf-5110-4ff0-91f7-e1dde2db606c" type="org.openqa.selenium.NoSuchElementException">
      <![CDATA[org.openqa.selenium.NoSuchElementException: An element could not be located on the page using the given search parameters.
For documentation on this error, please visit: https://www.selenium.dev/documentation/webdriver/troubleshooting/errors#no-such-element-exception
Build info: version: '4.13.0', revision: 'ba948ece5b*'
System info: os.name: 'Windows 11', os.arch: 'amd64', os.version: '10.0', java.version: '22.0.1'
Driver info: io.appium.java_client.AppiumDriver
Command: [3bc388bf-5110-4ff0-91f7-e1dde2db606c, findElement {using=xpath, value=//android.view.View[@content-desc="Agent"]}]
Capabilities {appium:appActivity: com.odysseynext.unionmutual..., appium:appPackage: com.odysseynext.unionmutual, appium:automationName: uiAutomator2, appium:databaseEnabled: false, appium:desired: {appActivity: com.odysseynext.unionmutual..., appPackage: com.odysseynext.unionmutual, automationName: uiAutomator2, deviceName: Nothing phone(1), platformName: ANDROID, platformversion: 14, uuid: 192.168.0.108:5555}, appium:deviceApiLevel: 34, appium:deviceManufacturer: Nothing, appium:deviceModel: A063, appium:deviceName: P12278000659, appium:deviceScreenDensity: 420, appium:deviceScreenSize: 1080x2400, appium:deviceUDID: P12278000659, appium:javascriptEnabled: true, appium:locationContextEnabled: false, appium:networkConnectionEnabled: true, appium:pixelRatio: 2.625, appium:platformVersion: 14, appium:platformversion: 14, appium:statBarHeight: 136, appium:takesScreenshot: true, appium:uuid: 192.168.0.108:5555, appium:viewportRect: {height: 2264, left: 0, top: 136, width: 1080}, appium:warnings: {}, appium:webStorageEnabled: false, platformName: ANDROID}
Session ID: 3bc388bf-5110-4ff0-91f7-e1dde2db606c
at java.base/jdk.internal.reflect.DirectConstructorHandleAccessor.newInstance(DirectConstructorHandleAccessor.java:62)
at java.base/java.lang.reflect.Constructor.newInstanceWithCaller(Constructor.java:502)
at java.base/java.lang.reflect.Constructor.newInstance(Constructor.java:486)
at org.openqa.selenium.remote.codec.w3c.W3CHttpResponseCodec.createException(W3CHttpResponseCodec.java:200)
at org.openqa.selenium.remote.codec.w3c.W3CHttpResponseCodec.decode(W3CHttpResponseCodec.java:133)
at org.openqa.selenium.remote.codec.w3c.W3CHttpResponseCodec.decode(W3CHttpResponseCodec.java:52)
at org.openqa.selenium.remote.HttpCommandExecutor.execute(HttpCommandExecutor.java:191)
at io.appium.java_client.remote.AppiumCommandExecutor.execute(AppiumCommandExecutor.java:250)
at org.openqa.selenium.remote.RemoteWebDriver.execute(RemoteWebDriver.java:602)
at org.openqa.selenium.remote.ElementLocation$ElementFinder$2.findElement(ElementLocation.java:165)
at org.openqa.selenium.remote.ElementLocation.findElement(ElementLocation.java:59)
at org.openqa.selenium.remote.RemoteWebDriver.findElement(RemoteWebDriver.java:359)
at org.openqa.selenium.remote.RemoteWebDriver.findElement(RemoteWebDriver.java:353)
at com.unionmutualproject.Dashboard.DashboardPage(Dashboard.java:12)
at java.base/jdk.internal.reflect.DirectMethodHandleAccessor.invoke(DirectMethodHandleAccessor.java:103)
at java.base/java.lang.reflect.Method.invoke(Method.java:580)
at org.testng.internal.MethodInvocationHelper.invokeMethod(MethodInvocationHelper.java:133)
at org.testng.internal.TestInvoker.invokeMethod(TestInvoker.java:598)
at org.testng.internal.TestInvoker.invokeTestMethod(TestInvoker.java:173)
at org.testng.internal.MethodRunner.runInSequence(MethodRunner.java:46)
at org.testng.internal.TestInvoker$MethodInvocationAgent.invoke(TestInvoker.java:824)
at org.testng.internal.TestInvoker.invokeTestMethods(TestInvoker.java:146)
at org.testng.internal.TestMethodWorker.invokeTestMethods(TestMethodWorker.java:146)
at org.testng.internal.TestMethodWorker.run(TestMethodWorker.java:128)
at java.base/java.util.ArrayList.forEach(ArrayList.java:1597)
at org.testng.TestRunner.privateRun(TestRunner.java:794)
at org.testng.TestRunner.run(TestRunner.java:596)
at org.testng.SuiteRunner.runTest(SuiteRunner.java:377)
at org.testng.SuiteRunner.runSequentially(SuiteRunner.java:371)
at org.testng.SuiteRunner.privateRun(SuiteRunner.java:332)
at org.testng.SuiteRunner.run(SuiteRunner.java:276)
at org.testng.SuiteRunnerWorker.runSuite(SuiteRunnerWorker.java:53)
at org.testng.SuiteRunnerWorker.run(SuiteRunnerWorker.java:96)
at org.testng.TestNG.runSuitesSequentially(TestNG.java:1212)
at org.testng.TestNG.runSuitesLocally(TestNG.java:1134)
at org.testng.TestNG.runSuites(TestNG.java:1063)
at org.testng.TestNG.run(TestNG.java:1031)
at org.testng.remote.AbstractRemoteTestNG.run(AbstractRemoteTestNG.java:115)
at org.testng.remote.RemoteTestNG.initAndRun(RemoteTestNG.java:293)
at org.testng.remote.RemoteTestNG.main(RemoteTestNG.java:91)
]]>
    </error>
  </testcase> <!-- DashboardPage -->
  <system-out/>
  <testcase classname="com.unionmutualproject.Dashboard" name="login" time="20.213"/>
  <system-out/>
  <testcase classname="com.unionmutualproject.Dashboard" name="Transaction" time="2.080"/>
  <system-out/>
</testsuite> <!-- com.unionmutualproject.Dashboard -->
